<?xml version="1.0" encoding="UTF-8"?>
<!-- Generated by org.testng.reporters.JUnitXMLReporter -->
<testsuite ignored="0" hostname="YOGESH" failures="1" tests="1" name="Default test" time="0.654" errors="0" timestamp="2025-10-11T01:42:20 IST">
  <testcase classname="io.cucumber.testng.AbstractTestNGCucumberTests" name="runScenario" time="0.075">
    <failure type="java.lang.NullPointerException" message="Cannot invoke &amp;quot;org.openqa.selenium.WebDriver.get(String)&amp;quot; because &amp;quot;Utility.BaseClass.km&amp;quot; is null">
      <![CDATA[java.lang.NullPointerException: Cannot invoke "org.openqa.selenium.WebDriver.get(String)" because "Utility.BaseClass.km" is null
at StepDefination.Step_SauceLabsLogin.user_able_to_access_login_url(Step_SauceLabsLogin.java:24)
at ✽.User able to access Login URL(classpath:Features/Products.feature:5)
]]>
    </failure>
  </testcase> <!-- runScenario -->
</testsuite> <!-- Default test -->
