<?xml version="1.0" encoding="UTF-8"?>
<testng-results ignored="0" total="1" passed="0" failed="1" skipped="0">
  <reporter-output>
  </reporter-output>
  <suite started-at="2025-10-11T01:42:19 IST" name="Default suite" finished-at="2025-10-11T01:42:20 IST" duration-ms="654">
    <groups>
      <group name="cucumber">
        <method signature="AbstractTestNGCucumberTests.runScenario(io.cucumber.testng.PickleWrapper,io.cucumber.testng.FeatureWrapper)[pri:0, instance:TestRunner.TestRunner@4e3958e7]" name="runScenario" class="io.cucumber.testng.AbstractTestNGCucumberTests"/>
      </group> <!-- cucumber -->
    </groups>
    <test started-at="2025-10-11T01:42:19 IST" name="Default test" finished-at="2025-10-11T01:42:20 IST" duration-ms="654">
      <class name="TestRunner.TestRunner">
        <test-method is-config="true" signature="setUpClass(org.testng.ITestContext)[pri:0, instance:TestRunner.TestRunner@4e3958e7]" started-at="2025-10-11T01:42:19 IST" name="setUpClass" finished-at="2025-10-11T01:42:20 IST" duration-ms="494" status="PASS">
          <params>
            <param index="0">
              <value>
                <![CDATA[org.testng.TestRunner@e72dba7]]>
              </value>
            </param>
          </params>
          <reporter-output>
          </reporter-output>
        </test-method> <!-- setUpClass -->
        <test-method signature="runScenario(io.cucumber.testng.PickleWrapper,io.cucumber.testng.FeatureWrapper)[pri:0, instance:TestRunner.TestRunner@4e3958e7]" started-at="2025-10-11T01:42:20 IST" name="runScenario" description="Runs Cucumber Scenarios" data-provider="scenarios" finished-at="2025-10-11T01:42:20 IST" duration-ms="75" status="FAIL">
          <params>
            <param index="0">
              <value>
                <![CDATA["Selecting all product and check AddToCart Page"]]>
              </value>
            </param>
            <param index="1">
              <value>
                <![CDATA["Adding multiple products"]]>
              </value>
            </param>
          </params>
          <exception class="java.lang.NullPointerException">
            <message>
              <![CDATA[Cannot invoke "org.openqa.selenium.WebDriver.get(String)" because "Utility.BaseClass.km" is null]]>
            </message>
            <full-stacktrace>
              <![CDATA[java.lang.NullPointerException: Cannot invoke "org.openqa.selenium.WebDriver.get(String)" because "Utility.BaseClass.km" is null
at StepDefination.Step_SauceLabsLogin.user_able_to_access_login_url(Step_SauceLabsLogin.java:24)
at ✽.User able to access Login URL(classpath:Features/Products.feature:5)
]]>
            </full-stacktrace>
          </exception> <!-- java.lang.NullPointerException -->
          <reporter-output>
          </reporter-output>
        </test-method> <!-- runScenario -->
        <test-method is-config="true" signature="tearDownClass()[pri:0, instance:TestRunner.TestRunner@4e3958e7]" started-at="2025-10-11T01:42:20 IST" name="tearDownClass" finished-at="2025-10-11T01:42:20 IST" duration-ms="37" status="PASS">
          <reporter-output>
          </reporter-output>
        </test-method> <!-- tearDownClass -->
      </class> <!-- TestRunner.TestRunner -->
    </test> <!-- Default test -->
  </suite> <!-- Default suite -->
</testng-results>
