<?xml version="1.0" encoding="UTF-8"?>
<!-- Generated by org.testng.reporters.JUnitReportReporter -->
<testsuite hostname="YOGESH" failures="0" tests="1" name="TestRunner.TestRunner" time="0.075" errors="1" timestamp="2025-10-11T01:42:20 IST" skipped="0">
  <testcase classname="TestRunner.TestRunner" name="runScenario" time="0.075">
    <error message="Cannot invoke &quot;org.openqa.selenium.WebDriver.get(String)&quot; because &quot;Utility.BaseClass.km&quot; is null" type="java.lang.NullPointerException">
      <![CDATA[java.lang.NullPointerException: Cannot invoke "org.openqa.selenium.WebDriver.get(String)" because "Utility.BaseClass.km" is null
at StepDefination.Step_SauceLabsLogin.user_able_to_access_login_url(Step_SauceLabsLogin.java:24)
at ✽.User able to access Login URL(classpath:Features/Products.feature:5)
]]>
    </error>
  </testcase> <!-- runScenario -->
</testsuite> <!-- TestRunner.TestRunner -->
